<?xml version="1.0" encoding="UTF-8"?>
<!-- Generated by org.testng.reporters.JUnitReportReporter -->
<testsuite hostname="Srikanth" failures="0" tests="2" name="cucumber.TestNGTestRunner" time="24.194" errors="0" timestamp="2024-03-13T22:16:11 CDT" skipped="0">
  <testcase classname="cucumber.TestNGTestRunner" name="runScenario" time="11.008"/>
  <testcase classname="cucumber.TestNGTestRunner" name="runScenario" time="13.186"/>
</testsuite> <!-- cucumber.TestNGTestRunner -->
