<?xml version="1.0" encoding="UTF-8"?>
<!-- Generated by org.testng.reporters.JUnitReportReporter -->
<testsuite hostname="Srikanth" failures="0" tests="2" name="SrikanthSelenium.SeleniumFrameworkDesign.StandAloneTest" time="18.706" errors="0" timestamp="2024-03-09T23:31:52 CST" skipped="0">
  <testcase classname="SrikanthSelenium.SeleniumFrameworkDesign.StandAloneTest" name="submitOrder" time="9.058"/>
  <testcase classname="SrikanthSelenium.SeleniumFrameworkDesign.StandAloneTest" name="OrderHistoryTest" time="9.648"/>
</testsuite> <!-- SrikanthSelenium.SeleniumFrameworkDesign.StandAloneTest -->
