<?xml version="1.0" encoding="UTF-8"?>
<!-- Generated by org.testng.reporters.JUnitReportReporter -->
<testsuite hostname="Srikanth" failures="0" tests="1" name="SrikanthSelenium.SeleniumFrameworkDesign.ErrorValidations" time="6.298" errors="0" timestamp="2024-03-13T22:25:52 CDT" skipped="0">
  <testcase classname="SrikanthSelenium.SeleniumFrameworkDesign.ErrorValidations" name="submitOrder" time="6.298"/>
</testsuite> <!-- SrikanthSelenium.SeleniumFrameworkDesign.ErrorValidations -->
