<?xml version="1.0" encoding="UTF-8"?>
<!-- Generated by org.testng.reporters.JUnitReportReporter -->
<testsuite hostname="Srikanth" failures="0" tests="2" name="SrikanthSelenium.SeleniumFrameworkDesign.StandAloneTest" time="14.129" errors="0" timestamp="2024-03-13T22:25:52 CDT" skipped="0">
  <testcase classname="SrikanthSelenium.SeleniumFrameworkDesign.StandAloneTest" name="OrderHistoryTest" time="5.241"/>
  <testcase classname="SrikanthSelenium.SeleniumFrameworkDesign.StandAloneTest" name="submitOrder" time="8.888"/>
</testsuite> <!-- SrikanthSelenium.SeleniumFrameworkDesign.StandAloneTest -->
